-encoding
UTF-8
-outxml
-source
6
-target
6
-classpath
C:\Users\Amarynth\.m2\repository\junit\junit\4.11\junit-4.11.jar;C:\Users\Amarynth\.m2\repository\log4j\log4j\1.2.17\log4j-1.2.17.jar;C:\Users\Amarynth\.m2\repository\org\slf4j\slf4j-api\1.7.5\slf4j-api-1.7.5.jar;C:\Users\Amarynth\.m2\repository\org\slf4j\jcl-over-slf4j\1.7.5\jcl-over-slf4j-1.7.5.jar;C:\Users\Amarynth\.m2\repository\org\slf4j\slf4j-log4j12\1.7.5\slf4j-log4j12-1.7.5.jar;C:\Users\Amarynth\.m2\repository\org\aspectj\aspectjrt\1.7.4\aspectjrt-1.7.4.jar;C:\Users\Amarynth\.m2\repository\org\aspectj\aspectjweaver\1.7.4\aspectjweaver-1.7.4.jar;C:\Users\Amarynth\.m2\repository\javax\servlet\servlet-api\2.5\servlet-api-2.5.jar;C:\Users\Amarynth\.m2\repository\net\sf\flexjson\flexjson\2.1\flexjson-2.1.jar;C:\Users\Amarynth\.m2\repository\org\apache\commons\commons-lang3\3.1\commons-lang3-3.1.jar;C:\Users\Amarynth\.m2\repository\org\springframework\roo\org.springframework.roo.annotations\1.2.5.RELEASE\org.springframework.roo.annotations-1.2.5.RELEASE.jar;C:\Users\Amarynth\.m2\repository\org\springframework\spring-core\3.2.6.RELEASE\spring-core-3.2.6.RELEASE.jar;C:\Users\Amarynth\.m2\repository\org\springframework\spring-test\3.2.6.RELEASE\spring-test-3.2.6.RELEASE.jar;C:\Users\Amarynth\.m2\repository\org\springframework\spring-context\3.2.6.RELEASE\spring-context-3.2.6.RELEASE.jar;C:\Users\Amarynth\.m2\repository\org\springframework\spring-aop\3.2.6.RELEASE\spring-aop-3.2.6.RELEASE.jar;C:\Users\Amarynth\.m2\repository\org\springframework\spring-aspects\3.2.6.RELEASE\spring-aspects-3.2.6.RELEASE.jar;C:\Users\Amarynth\.m2\repository\mysql\mysql-connector-java\5.1.18\mysql-connector-java-5.1.18.jar;C:\Users\Amarynth\.m2\repository\org\hibernate\hibernate-core\4.2.2.Final\hibernate-core-4.2.2.Final.jar;C:\Users\Amarynth\.m2\repository\org\hibernate\hibernate-entitymanager\4.2.2.Final\hibernate-entitymanager-4.2.2.Final.jar;C:\Users\Amarynth\.m2\repository\org\hibernate\javax\persistence\hibernate-jpa-2.0-api\1.0.1.Final\hibernate-jpa-2.0-api-1.0.1.Final.jar;C:\Users\Amarynth\.m2\repository\commons-collections\commons-collections\3.2.1\commons-collections-3.2.1.jar;C:\Users\Amarynth\.m2\repository\org\hibernate\hibernate-validator\4.3.1.Final\hibernate-validator-4.3.1.Final.jar;C:\Users\Amarynth\.m2\repository\javax\validation\validation-api\1.0.0.GA\validation-api-1.0.0.GA.jar;C:\Users\Amarynth\.m2\repository\javax\transaction\jta\1.1\jta-1.1.jar;C:\Users\Amarynth\.m2\repository\org\springframework\spring-jdbc\3.2.6.RELEASE\spring-jdbc-3.2.6.RELEASE.jar;C:\Users\Amarynth\.m2\repository\org\springframework\spring-orm\3.2.6.RELEASE\spring-orm-3.2.6.RELEASE.jar;C:\Users\Amarynth\.m2\repository\commons-pool\commons-pool\1.5.6\commons-pool-1.5.6.jar;C:\Users\Amarynth\.m2\repository\commons-dbcp\commons-dbcp\1.4\commons-dbcp-1.4.jar;C:\Users\Amarynth\.m2\repository\org\springframework\spring-webmvc\3.2.6.RELEASE\spring-webmvc-3.2.6.RELEASE.jar;C:\Users\Amarynth\.m2\repository\org\springframework\webflow\spring-js-resources\2.2.1.RELEASE\spring-js-resources-2.2.1.RELEASE.jar;C:\Users\Amarynth\.m2\repository\commons-digester\commons-digester\2.1\commons-digester-2.1.jar;C:\Users\Amarynth\.m2\repository\commons-fileupload\commons-fileupload\1.2.2\commons-fileupload-1.2.2.jar;C:\Users\Amarynth\.m2\repository\javax\servlet\jsp\jstl\jstl-api\1.2\jstl-api-1.2.jar;C:\Users\Amarynth\.m2\repository\org\glassfish\web\jstl-impl\1.2\jstl-impl-1.2.jar;C:\Users\Amarynth\.m2\repository\javax\el\el-api\2.2\el-api-2.2.jar;C:\Users\Amarynth\.m2\repository\joda-time\joda-time\1.6\joda-time-1.6.jar;C:\Users\Amarynth\.m2\repository\javax\servlet\jsp\jsp-api\2.1\jsp-api-2.1.jar;C:\Users\Amarynth\.m2\repository\commons-codec\commons-codec\1.5\commons-codec-1.5.jar;C:\Users\Amarynth\.m2\repository\org\apache\tiles\tiles-jsp\2.2.2\tiles-jsp-2.2.2.jar;C:\Users\Amarynth\.m2\repository\commons-io\commons-io\2.4\commons-io-2.4.jar;C:\Users\Amarynth\.m2\repository\org\springframework\spring-beans\3.2.6.RELEASE\spring-beans-3.2.6.RELEASE.jar;C:\Users\Amarynth\.m2\repository\org\springframework\spring-expression\3.2.6.RELEASE\spring-expression-3.2.6.RELEASE.jar;C:\Users\Amarynth\.m2\repository\aopalliance\aopalliance\1.0\aopalliance-1.0.jar;C:\Users\Amarynth\.m2\repository\org\springframework\spring-context-support\3.2.6.RELEASE\spring-context-support-3.2.6.RELEASE.jar;C:\Users\Amarynth\.m2\repository\antlr\antlr\2.7.7\antlr-2.7.7.jar;C:\Users\Amarynth\.m2\repository\org\jboss\logging\jboss-logging\3.1.0.GA\jboss-logging-3.1.0.GA.jar;C:\Users\Amarynth\.m2\repository\dom4j\dom4j\1.6.1\dom4j-1.6.1.jar;C:\Users\Amarynth\.m2\repository\org\jboss\spec\javax\transaction\jboss-transaction-api_1.1_spec\1.0.1.Final\jboss-transaction-api_1.1_spec-1.0.1.Final.jar;C:\Users\Amarynth\.m2\repository\org\hibernate\common\hibernate-commons-annotations\4.0.2.Final\hibernate-commons-annotations-4.0.2.Final.jar;C:\Users\Amarynth\.m2\repository\org\javassist\javassist\3.15.0-GA\javassist-3.15.0-GA.jar;C:\Users\Amarynth\.m2\repository\org\springframework\spring-tx\3.2.6.RELEASE\spring-tx-3.2.6.RELEASE.jar;C:\Users\Amarynth\.m2\repository\org\springframework\spring-web\3.2.6.RELEASE\spring-web-3.2.6.RELEASE.jar;C:\Users\Amarynth\.m2\repository\commons-beanutils\commons-beanutils\1.8.3\commons-beanutils-1.8.3.jar;C:\Users\Amarynth\.m2\repository\org\apache\tiles\tiles-servlet\2.2.2\tiles-servlet-2.2.2.jar;C:\Users\Amarynth\.m2\repository\org\apache\tiles\tiles-core\2.2.2\tiles-core-2.2.2.jar;C:\Users\Amarynth\.m2\repository\org\apache\tiles\tiles-template\2.2.2\tiles-template-2.2.2.jar;C:\Users\Amarynth\.m2\repository\org\apache\tiles\tiles-api\2.2.2\tiles-api-2.2.2.jar;C:\springproject\RezeptApp\target\classes
-aspectpath
C:\Users\Amarynth\.m2\repository\org\springframework\spring-aspects\3.2.6.RELEASE\spring-aspects-3.2.6.RELEASE.jar
-d
C:\springproject\RezeptApp\target\classes
C:\springproject\RezeptApp\src\main\java\com\rezept\app\City.java
C:\springproject\RezeptApp\src\main\java\com\rezept\app\City_Roo_Configurable.aj
C:\springproject\RezeptApp\src\main\java\com\rezept\app\City_Roo_DbManaged.aj
C:\springproject\RezeptApp\src\main\java\com\rezept\app\City_Roo_Jpa_ActiveRecord.aj
C:\springproject\RezeptApp\src\main\java\com\rezept\app\City_Roo_Jpa_Entity.aj
C:\springproject\RezeptApp\src\main\java\com\rezept\app\City_Roo_ToString.aj
C:\springproject\RezeptApp\src\main\java\com\rezept\app\Composedof.java
C:\springproject\RezeptApp\src\main\java\com\rezept\app\ComposedofPK.java
C:\springproject\RezeptApp\src\main\java\com\rezept\app\ComposedofPK_Roo_Configurable.aj
C:\springproject\RezeptApp\src\main\java\com\rezept\app\ComposedofPK_Roo_Identifier.aj
C:\springproject\RezeptApp\src\main\java\com\rezept\app\ComposedofPK_Roo_Json.aj
C:\springproject\RezeptApp\src\main\java\com\rezept\app\ComposedofPK_Roo_Serializable.aj
C:\springproject\RezeptApp\src\main\java\com\rezept\app\Composedof_Roo_Configurable.aj
C:\springproject\RezeptApp\src\main\java\com\rezept\app\Composedof_Roo_DbManaged.aj
C:\springproject\RezeptApp\src\main\java\com\rezept\app\Composedof_Roo_Jpa_ActiveRecord.aj
C:\springproject\RezeptApp\src\main\java\com\rezept\app\Composedof_Roo_Jpa_Entity.aj
C:\springproject\RezeptApp\src\main\java\com\rezept\app\Composedof_Roo_ToString.aj
C:\springproject\RezeptApp\src\main\java\com\rezept\app\Country.java
C:\springproject\RezeptApp\src\main\java\com\rezept\app\Country_Roo_Configurable.aj
C:\springproject\RezeptApp\src\main\java\com\rezept\app\Country_Roo_DbManaged.aj
C:\springproject\RezeptApp\src\main\java\com\rezept\app\Country_Roo_Jpa_ActiveRecord.aj
C:\springproject\RezeptApp\src\main\java\com\rezept\app\Country_Roo_Jpa_Entity.aj
C:\springproject\RezeptApp\src\main\java\com\rezept\app\Country_Roo_ToString.aj
C:\springproject\RezeptApp\src\main\java\com\rezept\app\Friend.java
C:\springproject\RezeptApp\src\main\java\com\rezept\app\FriendPK.java
C:\springproject\RezeptApp\src\main\java\com\rezept\app\FriendPK_Roo_Configurable.aj
C:\springproject\RezeptApp\src\main\java\com\rezept\app\FriendPK_Roo_Identifier.aj
C:\springproject\RezeptApp\src\main\java\com\rezept\app\FriendPK_Roo_Json.aj
C:\springproject\RezeptApp\src\main\java\com\rezept\app\FriendPK_Roo_Serializable.aj
C:\springproject\RezeptApp\src\main\java\com\rezept\app\Friend_Roo_Configurable.aj
C:\springproject\RezeptApp\src\main\java\com\rezept\app\Friend_Roo_DbManaged.aj
C:\springproject\RezeptApp\src\main\java\com\rezept\app\Friend_Roo_Jpa_ActiveRecord.aj
C:\springproject\RezeptApp\src\main\java\com\rezept\app\Friend_Roo_Jpa_Entity.aj
C:\springproject\RezeptApp\src\main\java\com\rezept\app\Friend_Roo_ToString.aj
C:\springproject\RezeptApp\src\main\java\com\rezept\app\Ingredient.java
C:\springproject\RezeptApp\src\main\java\com\rezept\app\Ingredienttype.java
C:\springproject\RezeptApp\src\main\java\com\rezept\app\Ingredienttype_Roo_Configurable.aj
C:\springproject\RezeptApp\src\main\java\com\rezept\app\Ingredienttype_Roo_DbManaged.aj
C:\springproject\RezeptApp\src\main\java\com\rezept\app\Ingredienttype_Roo_Jpa_ActiveRecord.aj
C:\springproject\RezeptApp\src\main\java\com\rezept\app\Ingredienttype_Roo_Jpa_Entity.aj
C:\springproject\RezeptApp\src\main\java\com\rezept\app\Ingredienttype_Roo_ToString.aj
C:\springproject\RezeptApp\src\main\java\com\rezept\app\Ingredient_Roo_Configurable.aj
C:\springproject\RezeptApp\src\main\java\com\rezept\app\Ingredient_Roo_DbManaged.aj
C:\springproject\RezeptApp\src\main\java\com\rezept\app\Ingredient_Roo_Jpa_ActiveRecord.aj
C:\springproject\RezeptApp\src\main\java\com\rezept\app\Ingredient_Roo_Jpa_Entity.aj
C:\springproject\RezeptApp\src\main\java\com\rezept\app\Ingredient_Roo_ToString.aj
C:\springproject\RezeptApp\src\main\java\com\rezept\app\Rating.java
C:\springproject\RezeptApp\src\main\java\com\rezept\app\Rating_Roo_Configurable.aj
C:\springproject\RezeptApp\src\main\java\com\rezept\app\Rating_Roo_DbManaged.aj
C:\springproject\RezeptApp\src\main\java\com\rezept\app\Rating_Roo_Jpa_ActiveRecord.aj
C:\springproject\RezeptApp\src\main\java\com\rezept\app\Rating_Roo_Jpa_Entity.aj
C:\springproject\RezeptApp\src\main\java\com\rezept\app\Rating_Roo_ToString.aj
C:\springproject\RezeptApp\src\main\java\com\rezept\app\Recipe.java
C:\springproject\RezeptApp\src\main\java\com\rezept\app\Recipe_Roo_Configurable.aj
C:\springproject\RezeptApp\src\main\java\com\rezept\app\Recipe_Roo_DbManaged.aj
C:\springproject\RezeptApp\src\main\java\com\rezept\app\Recipe_Roo_Jpa_ActiveRecord.aj
C:\springproject\RezeptApp\src\main\java\com\rezept\app\Recipe_Roo_Jpa_Entity.aj
C:\springproject\RezeptApp\src\main\java\com\rezept\app\Recipe_Roo_ToString.aj
C:\springproject\RezeptApp\src\main\java\com\rezept\app\Region.java
C:\springproject\RezeptApp\src\main\java\com\rezept\app\Region_Roo_Configurable.aj
C:\springproject\RezeptApp\src\main\java\com\rezept\app\Region_Roo_DbManaged.aj
C:\springproject\RezeptApp\src\main\java\com\rezept\app\Region_Roo_Jpa_ActiveRecord.aj
C:\springproject\RezeptApp\src\main\java\com\rezept\app\Region_Roo_Jpa_Entity.aj
C:\springproject\RezeptApp\src\main\java\com\rezept\app\Region_Roo_ToString.aj
C:\springproject\RezeptApp\src\main\java\com\rezept\app\User.java
C:\springproject\RezeptApp\src\main\java\com\rezept\app\User_Roo_Configurable.aj
C:\springproject\RezeptApp\src\main\java\com\rezept\app\User_Roo_DbManaged.aj
C:\springproject\RezeptApp\src\main\java\com\rezept\app\User_Roo_Jpa_ActiveRecord.aj
C:\springproject\RezeptApp\src\main\java\com\rezept\app\User_Roo_Jpa_Entity.aj
C:\springproject\RezeptApp\src\main\java\com\rezept\app\User_Roo_ToString.aj
C:\springproject\RezeptApp\src\main\java\com\rezept\app\web\ApplicationConversionServiceFactoryBean.java
C:\springproject\RezeptApp\src\main\java\com\rezept\app\web\ApplicationConversionServiceFactoryBean_Roo_ConversionService.aj
C:\springproject\RezeptApp\src\main\java\com\rezept\app\web\CityController.java
C:\springproject\RezeptApp\src\main\java\com\rezept\app\web\CityController_Roo_Controller.aj
C:\springproject\RezeptApp\src\main\java\com\rezept\app\web\ComposedofController.java
C:\springproject\RezeptApp\src\main\java\com\rezept\app\web\ComposedofController_Roo_Controller.aj
C:\springproject\RezeptApp\src\main\java\com\rezept\app\web\CountryController.java
C:\springproject\RezeptApp\src\main\java\com\rezept\app\web\CountryController_Roo_Controller.aj
C:\springproject\RezeptApp\src\main\java\com\rezept\app\web\FriendController.java
C:\springproject\RezeptApp\src\main\java\com\rezept\app\web\FriendController_Roo_Controller.aj
C:\springproject\RezeptApp\src\main\java\com\rezept\app\web\IngredientController.java
C:\springproject\RezeptApp\src\main\java\com\rezept\app\web\IngredientController_Roo_Controller.aj
C:\springproject\RezeptApp\src\main\java\com\rezept\app\web\IngredienttypeController.java
C:\springproject\RezeptApp\src\main\java\com\rezept\app\web\IngredienttypeController_Roo_Controller.aj
C:\springproject\RezeptApp\src\main\java\com\rezept\app\web\RatingController.java
C:\springproject\RezeptApp\src\main\java\com\rezept\app\web\RatingController_Roo_Controller.aj
C:\springproject\RezeptApp\src\main\java\com\rezept\app\web\RecipeController.java
C:\springproject\RezeptApp\src\main\java\com\rezept\app\web\RecipeController_Roo_Controller.aj
C:\springproject\RezeptApp\src\main\java\com\rezept\app\web\RegionController.java
C:\springproject\RezeptApp\src\main\java\com\rezept\app\web\RegionController_Roo_Controller.aj
C:\springproject\RezeptApp\src\main\java\com\rezept\app\web\UserController.java
C:\springproject\RezeptApp\src\main\java\com\rezept\app\web\UserController_Roo_Controller.aj
